<?xml version="1.0" encoding="UTF-8"?>
<!-- Generated by org.testng.reporters.JUnitReportReporter -->
<testsuite hostname="LAPTOP-24QJFU3M" failures="0" tests="2" name="com.harman.test.LoginTest" time="38.239" errors="0" timestamp="2022-04-20T21:05:20 IST" skipped="0">
  <testcase classname="com.harman.test.LoginTest" name="validCredentialTest" time="17.836"/>
  <system-out/>
  <testcase classname="com.harman.test.LoginTest" name="validCredentialTest" time="20.403"/>
  <system-out/>
</testsuite> <!-- com.harman.test.LoginTest -->
