<?xml version="1.0" encoding="UTF-8"?>
<!-- Generated by org.testng.reporters.JUnitReportReporter -->
<testsuite hostname="LAPTOP-24QJFU3M" failures="0" tests="6" name="com.harman.test.LoginTest" time="128.139" errors="0" timestamp="2022-04-20T22:24:36 IST" skipped="0">
  <testcase classname="com.harman.test.LoginTest" name="invalidCredentialTest" time="16.619"/>
  <system-out/>
  <testcase classname="com.harman.test.LoginTest" name="validCredentialTest" time="21.047"/>
  <system-out/>
  <testcase classname="com.harman.test.LoginTest" name="validCredentialTest" time="28.475"/>
  <system-out/>
  <testcase classname="com.harman.test.LoginTest" name="validCredentialTest" time="23.730"/>
  <system-out/>
  <testcase classname="com.harman.test.LoginTest" name="invalidCredentialTest" time="18.267"/>
  <system-out/>
  <testcase classname="com.harman.test.LoginTest" name="validCredentialTest" time="20.001"/>
  <system-out/>
</testsuite> <!-- com.harman.test.LoginTest -->
