<?xml version="1.0" encoding="UTF-8"?>
<!-- Generated by org.testng.reporters.JUnitReportReporter -->
<testsuite hostname="LAPTOP-24QJFU3M" failures="0" tests="1" name="com.harman.test.LoginUITest" time="15.061" errors="0" timestamp="2022-04-20T22:25:35 IST" skipped="0">
  <testcase classname="com.harman.test.LoginUITest" name="validateTitleTest" time="15.061"/>
  <system-out>
    <![CDATA[valid title OpenEMR Login]]>
  </system-out>
</testsuite> <!-- com.harman.test.LoginUITest -->
